<?xml version="1.0" encoding="UTF-8"?>
<testng-results ignored="0" total="1" passed="1" failed="0" skipped="0">
  <reporter-output>
  </reporter-output>
  <suite started-at="2023-11-24T04:47:34 IST" name="Default suite" finished-at="2023-11-24T04:48:10 IST" duration-ms="36185">
    <groups>
    </groups>
    <test started-at="2023-11-24T04:47:34 IST" name="Default test" finished-at="2023-11-24T04:48:10 IST" duration-ms="36185">
      <class name="com.assignment.automation.filter.Filter">
        <test-method is-config="true" signature="setDriver()[pri:0, instance:com.assignment.automation.filter.Filter@3eb25e1a]" started-at="2023-11-24T04:47:34 IST" name="setDriver" finished-at="2023-11-24T04:47:45 IST" duration-ms="11001" status="PASS">
          <reporter-output>
          </reporter-output>
        </test-method> <!-- setDriver -->
        <test-method signature="filterCriteria()[pri:0, instance:com.assignment.automation.filter.Filter@3eb25e1a]" started-at="2023-11-24T04:47:45 IST" name="filterCriteria" finished-at="2023-11-24T04:48:10 IST" duration-ms="24534" status="PASS">
          <reporter-output>
          </reporter-output>
        </test-method> <!-- filterCriteria -->
        <test-method is-config="true" signature="tearDown()[pri:0, instance:com.assignment.automation.filter.Filter@3eb25e1a]" started-at="2023-11-24T04:48:10 IST" name="tearDown" finished-at="2023-11-24T04:48:10 IST" duration-ms="585" status="PASS">
          <reporter-output>
          </reporter-output>
        </test-method> <!-- tearDown -->
      </class> <!-- com.assignment.automation.filter.Filter -->
    </test> <!-- Default test -->
  </suite> <!-- Default suite -->
</testng-results>
