<?xml version="1.0" encoding="UTF-8"?>
<testng-results ignored="0" total="1" passed="1" failed="0" skipped="0">
  <reporter-output>
  </reporter-output>
  <suite started-at="2023-11-24T06:41:16 IST" name="Default suite" finished-at="2023-11-24T06:42:01 IST" duration-ms="44998">
    <groups>
    </groups>
    <test started-at="2023-11-24T06:41:16 IST" name="Default test" finished-at="2023-11-24T06:42:01 IST" duration-ms="44998">
      <class name="com.assignment.automation.filter.FilterHandlingTest">
        <test-method is-config="true" signature="setDriver()[pri:0, instance:com.assignment.automation.filter.FilterHandlingTest@3eb25e1a]" started-at="2023-11-24T06:41:16 IST" name="setDriver" finished-at="2023-11-24T06:41:27 IST" duration-ms="11058" status="PASS">
          <reporter-output>
          </reporter-output>
        </test-method> <!-- setDriver -->
        <test-method signature="filterCriteria()[pri:0, instance:com.assignment.automation.filter.FilterHandlingTest@3eb25e1a]" started-at="2023-11-24T06:41:27 IST" name="filterCriteria" finished-at="2023-11-24T06:42:01 IST" duration-ms="33297" status="PASS">
          <reporter-output>
          </reporter-output>
        </test-method> <!-- filterCriteria -->
        <test-method is-config="true" signature="tearDown()[pri:0, instance:com.assignment.automation.filter.FilterHandlingTest@3eb25e1a]" started-at="2023-11-24T06:42:01 IST" name="tearDown" finished-at="2023-11-24T06:42:01 IST" duration-ms="567" status="PASS">
          <reporter-output>
          </reporter-output>
        </test-method> <!-- tearDown -->
      </class> <!-- com.assignment.automation.filter.FilterHandlingTest -->
    </test> <!-- Default test -->
  </suite> <!-- Default suite -->
</testng-results>
